Determining if the pthread_create exist failed with the following output:
Change Dir: /home/ELE/lreys/catkin_ws/build/CMakeFiles/CMakeTmp

Run Build Command:"/usr/bin/make" "cmTC_465d4/fast"
/usr/bin/make -f CMakeFiles/cmTC_465d4.dir/build.make CMakeFiles/cmTC_465d4.dir/build
make[1]: Entering directory '/home/ELE/lreys/catkin_ws/build/CMakeFiles/CMakeTmp'
Building C object CMakeFiles/cmTC_465d4.dir/CheckSymbolExists.c.o
/usr/bin/cc     -o CMakeFiles/cmTC_465d4.dir/CheckSymbolExists.c.o   -c /home/ELE/lreys/catkin_ws/build/CMakeFiles/CMakeTmp/CheckSymbolExists.c
Linking C executable cmTC_465d4
/usr/bin/cmake -E cmake_link_script CMakeFiles/cmTC_465d4.dir/link.txt --verbose=1
/usr/bin/cc       CMakeFiles/cmTC_465d4.dir/CheckSymbolExists.c.o  -o cmTC_465d4 -rdynamic 
CMakeFiles/cmTC_465d4.dir/CheckSymbolExists.c.o: In function `main':
CheckSymbolExists.c:(.text+0x16): undefined reference to `pthread_create'
collect2: error: ld returned 1 exit status
CMakeFiles/cmTC_465d4.dir/build.make:97: recipe for target 'cmTC_465d4' failed
make[1]: *** [cmTC_465d4] Error 1
make[1]: Leaving directory '/home/ELE/lreys/catkin_ws/build/CMakeFiles/CMakeTmp'
Makefile:126: recipe for target 'cmTC_465d4/fast' failed
make: *** [cmTC_465d4/fast] Error 2

File /home/ELE/lreys/catkin_ws/build/CMakeFiles/CMakeTmp/CheckSymbolExists.c:
/* */
#include <pthread.h>

int main(int argc, char** argv)
{
  (void)argv;
#ifndef pthread_create
  return ((int*)(&pthread_create))[argc];
#else
  (void)argc;
  return 0;
#endif
}

Determining if the function pthread_create exists in the pthreads failed with the following output:
Change Dir: /home/ELE/lreys/catkin_ws/build/CMakeFiles/CMakeTmp

Run Build Command:"/usr/bin/make" "cmTC_45b24/fast"
/usr/bin/make -f CMakeFiles/cmTC_45b24.dir/build.make CMakeFiles/cmTC_45b24.dir/build
make[1]: Entering directory '/home/ELE/lreys/catkin_ws/build/CMakeFiles/CMakeTmp'
Building C object CMakeFiles/cmTC_45b24.dir/CheckFunctionExists.c.o
/usr/bin/cc    -DCHECK_FUNCTION_EXISTS=pthread_create   -o CMakeFiles/cmTC_45b24.dir/CheckFunctionExists.c.o   -c /usr/share/cmake-3.5/Modules/CheckFunctionExists.c
Linking C executable cmTC_45b24
/usr/bin/cmake -E cmake_link_script CMakeFiles/cmTC_45b24.dir/link.txt --verbose=1
/usr/bin/cc   -DCHECK_FUNCTION_EXISTS=pthread_create    CMakeFiles/cmTC_45b24.dir/CheckFunctionExists.c.o  -o cmTC_45b24 -rdynamic -lpthreads 
/usr/bin/ld: cannot find -lpthreads
collect2: error: ld returned 1 exit status
CMakeFiles/cmTC_45b24.dir/build.make:97: recipe for target 'cmTC_45b24' failed
make[1]: *** [cmTC_45b24] Error 1
make[1]: Leaving directory '/home/ELE/lreys/catkin_ws/build/CMakeFiles/CMakeTmp'
Makefile:126: recipe for target 'cmTC_45b24/fast' failed
make: *** [cmTC_45b24/fast] Error 2


